<?xml version="1.0" encoding="UTF-8"?>
<testsuite xmlns:xsi="http://www.w3.org/2001/XMLSchema-instance" xsi:noNamespaceSchemaLocation="https://maven.apache.org/surefire/maven-surefire-plugin/xsd/surefire-test-report.xsd" version="3.0.2" name="org.example.StreamLambdaHandlerTest" time="0.997" tests="2" errors="0" skipped="0" failures="0">
  <properties>
    <property name="java.specification.version" value="21"/>
    <property name="sun.jnu.encoding" value="UTF-8"/>
    <property name="java.class.path" value="/Users/sachinsahu/Downloads/aws-lambda-example/target/test-classes:/Users/sachinsahu/Downloads/aws-lambda-example/target/classes:/Users/sachinsahu/.m2/repository/com/amazonaws/serverless/aws-serverless-java-container-springboot3/2.1.4/aws-serverless-java-container-springboot3-2.1.4.jar:/Users/sachinsahu/.m2/repository/org/springframework/cloud/spring-cloud-function-serverless-web/4.1.5/spring-cloud-function-serverless-web-4.1.5.jar:/Users/sachinsahu/.m2/repository/com/amazonaws/serverless/aws-serverless-java-container-core/2.1.4/aws-serverless-java-container-core-2.1.4.jar:/Users/sachinsahu/.m2/repository/org/slf4j/slf4j-api/2.0.17/slf4j-api-2.0.17.jar:/Users/sachinsahu/.m2/repository/com/amazonaws/serverless/aws-serverless-java-container-core/2.1.4/aws-serverless-java-container-core-2.1.4-tests.jar:/Users/sachinsahu/.m2/repository/com/amazonaws/aws-lambda-java-core/1.2.3/aws-lambda-java-core-1.2.3.jar:/Users/sachinsahu/.m2/repository/jakarta/servlet/jakarta.servlet-api/6.0.0/jakarta.servlet-api-6.0.0.jar:/Users/sachinsahu/.m2/repository/jakarta/ws/rs/jakarta.ws.rs-api/3.1.0/jakarta.ws.rs-api-3.1.0.jar:/Users/sachinsahu/.m2/repository/com/fasterxml/jackson/core/jackson-databind/2.18.3/jackson-databind-2.18.3.jar:/Users/sachinsahu/.m2/repository/com/fasterxml/jackson/core/jackson-annotations/2.18.3/jackson-annotations-2.18.3.jar:/Users/sachinsahu/.m2/repository/com/fasterxml/jackson/core/jackson-core/2.18.3/jackson-core-2.18.3.jar:/Users/sachinsahu/.m2/repository/com/fasterxml/jackson/module/jackson-module-afterburner/2.18.3/jackson-module-afterburner-2.18.3.jar:/Users/sachinsahu/.m2/repository/org/apache/commons/commons-fileupload2-jakarta-servlet6/2.0.0-M4/commons-fileupload2-jakarta-servlet6-2.0.0-M4.jar:/Users/sachinsahu/.m2/repository/org/apache/commons/commons-fileupload2-core/2.0.0-M4/commons-fileupload2-core-2.0.0-M4.jar:/Users/sachinsahu/.m2/repository/commons-io/commons-io/2.19.0/commons-io-2.19.0.jar:/Users/sachinsahu/.m2/repository/org/apache/httpcomponents/client5/httpclient5/5.4.3/httpclient5-5.4.3.jar:/Users/sachinsahu/.m2/repository/org/apache/httpcomponents/core5/httpcore5/5.3.4/httpcore5-5.3.4.jar:/Users/sachinsahu/.m2/repository/org/apache/httpcomponents/core5/httpcore5-h2/5.3.4/httpcore5-h2-5.3.4.jar:/Users/sachinsahu/.m2/repository/org/springframework/boot/spring-boot-starter-web/3.4.5/spring-boot-starter-web-3.4.5.jar:/Users/sachinsahu/.m2/repository/org/springframework/boot/spring-boot-starter/3.4.5/spring-boot-starter-3.4.5.jar:/Users/sachinsahu/.m2/repository/org/springframework/boot/spring-boot/3.4.5/spring-boot-3.4.5.jar:/Users/sachinsahu/.m2/repository/org/springframework/boot/spring-boot-autoconfigure/3.4.5/spring-boot-autoconfigure-3.4.5.jar:/Users/sachinsahu/.m2/repository/org/springframework/boot/spring-boot-starter-logging/3.4.5/spring-boot-starter-logging-3.4.5.jar:/Users/sachinsahu/.m2/repository/ch/qos/logback/logback-classic/1.5.18/logback-classic-1.5.18.jar:/Users/sachinsahu/.m2/repository/ch/qos/logback/logback-core/1.5.18/logback-core-1.5.18.jar:/Users/sachinsahu/.m2/repository/org/apache/logging/log4j/log4j-to-slf4j/2.24.3/log4j-to-slf4j-2.24.3.jar:/Users/sachinsahu/.m2/repository/org/apache/logging/log4j/log4j-api/2.24.3/log4j-api-2.24.3.jar:/Users/sachinsahu/.m2/repository/org/slf4j/jul-to-slf4j/2.0.17/jul-to-slf4j-2.0.17.jar:/Users/sachinsahu/.m2/repository/jakarta/annotation/jakarta.annotation-api/2.1.1/jakarta.annotation-api-2.1.1.jar:/Users/sachinsahu/.m2/repository/org/springframework/spring-core/6.2.6/spring-core-6.2.6.jar:/Users/sachinsahu/.m2/repository/org/springframework/spring-jcl/6.2.6/spring-jcl-6.2.6.jar:/Users/sachinsahu/.m2/repository/org/yaml/snakeyaml/2.3/snakeyaml-2.3.jar:/Users/sachinsahu/.m2/repository/org/springframework/boot/spring-boot-starter-json/3.4.5/spring-boot-starter-json-3.4.5.jar:/Users/sachinsahu/.m2/repository/com/fasterxml/jackson/datatype/jackson-datatype-jdk8/2.18.3/jackson-datatype-jdk8-2.18.3.jar:/Users/sachinsahu/.m2/repository/com/fasterxml/jackson/datatype/jackson-datatype-jsr310/2.18.3/jackson-datatype-jsr310-2.18.3.jar:/Users/sachinsahu/.m2/repository/com/fasterxml/jackson/module/jackson-module-parameter-names/2.18.3/jackson-module-parameter-names-2.18.3.jar:/Users/sachinsahu/.m2/repository/org/springframework/boot/spring-boot-starter-tomcat/3.4.5/spring-boot-starter-tomcat-3.4.5.jar:/Users/sachinsahu/.m2/repository/org/apache/tomcat/embed/tomcat-embed-core/10.1.40/tomcat-embed-core-10.1.40.jar:/Users/sachinsahu/.m2/repository/org/apache/tomcat/embed/tomcat-embed-el/10.1.40/tomcat-embed-el-10.1.40.jar:/Users/sachinsahu/.m2/repository/org/apache/tomcat/embed/tomcat-embed-websocket/10.1.40/tomcat-embed-websocket-10.1.40.jar:/Users/sachinsahu/.m2/repository/org/springframework/spring-web/6.2.6/spring-web-6.2.6.jar:/Users/sachinsahu/.m2/repository/org/springframework/spring-beans/6.2.6/spring-beans-6.2.6.jar:/Users/sachinsahu/.m2/repository/io/micrometer/micrometer-observation/1.14.6/micrometer-observation-1.14.6.jar:/Users/sachinsahu/.m2/repository/io/micrometer/micrometer-commons/1.14.6/micrometer-commons-1.14.6.jar:/Users/sachinsahu/.m2/repository/org/springframework/spring-webmvc/6.2.6/spring-webmvc-6.2.6.jar:/Users/sachinsahu/.m2/repository/org/springframework/spring-aop/6.2.6/spring-aop-6.2.6.jar:/Users/sachinsahu/.m2/repository/org/springframework/spring-context/6.2.6/spring-context-6.2.6.jar:/Users/sachinsahu/.m2/repository/org/springframework/spring-expression/6.2.6/spring-expression-6.2.6.jar:/Users/sachinsahu/.m2/repository/org/junit/jupiter/junit-jupiter/5.12.2/junit-jupiter-5.12.2.jar:/Users/sachinsahu/.m2/repository/org/junit/jupiter/junit-jupiter-api/5.12.2/junit-jupiter-api-5.12.2.jar:/Users/sachinsahu/.m2/repository/org/opentest4j/opentest4j/1.3.0/opentest4j-1.3.0.jar:/Users/sachinsahu/.m2/repository/org/junit/platform/junit-platform-commons/1.12.2/junit-platform-commons-1.12.2.jar:/Users/sachinsahu/.m2/repository/org/apiguardian/apiguardian-api/1.1.2/apiguardian-api-1.1.2.jar:/Users/sachinsahu/.m2/repository/org/junit/jupiter/junit-jupiter-params/5.12.2/junit-jupiter-params-5.12.2.jar:/Users/sachinsahu/.m2/repository/org/junit/jupiter/junit-jupiter-engine/5.12.2/junit-jupiter-engine-5.12.2.jar:/Users/sachinsahu/.m2/repository/org/junit/platform/junit-platform-engine/1.12.2/junit-platform-engine-1.12.2.jar:/Users/sachinsahu/.m2/repository/software/amazon/awssdk/dynamodb/2.21.29/dynamodb-2.21.29.jar:/Users/sachinsahu/.m2/repository/software/amazon/awssdk/aws-json-protocol/2.21.29/aws-json-protocol-2.21.29.jar:/Users/sachinsahu/.m2/repository/software/amazon/awssdk/third-party-jackson-core/2.21.29/third-party-jackson-core-2.21.29.jar:/Users/sachinsahu/.m2/repository/software/amazon/awssdk/protocol-core/2.21.29/protocol-core-2.21.29.jar:/Users/sachinsahu/.m2/repository/software/amazon/awssdk/profiles/2.21.29/profiles-2.21.29.jar:/Users/sachinsahu/.m2/repository/software/amazon/awssdk/http-auth-aws/2.21.29/http-auth-aws-2.21.29.jar:/Users/sachinsahu/.m2/repository/software/amazon/awssdk/checksums-spi/2.21.29/checksums-spi-2.21.29.jar:/Users/sachinsahu/.m2/repository/software/amazon/awssdk/checksums/2.21.29/checksums-2.21.29.jar:/Users/sachinsahu/.m2/repository/software/amazon/awssdk/sdk-core/2.21.29/sdk-core-2.21.29.jar:/Users/sachinsahu/.m2/repository/org/reactivestreams/reactive-streams/1.0.4/reactive-streams-1.0.4.jar:/Users/sachinsahu/.m2/repository/software/amazon/awssdk/auth/2.21.29/auth-2.21.29.jar:/Users/sachinsahu/.m2/repository/software/amazon/eventstream/eventstream/1.0.1/eventstream-1.0.1.jar:/Users/sachinsahu/.m2/repository/software/amazon/awssdk/http-auth-spi/2.21.29/http-auth-spi-2.21.29.jar:/Users/sachinsahu/.m2/repository/software/amazon/awssdk/http-auth/2.21.29/http-auth-2.21.29.jar:/Users/sachinsahu/.m2/repository/software/amazon/awssdk/identity-spi/2.21.29/identity-spi-2.21.29.jar:/Users/sachinsahu/.m2/repository/software/amazon/awssdk/http-client-spi/2.21.29/http-client-spi-2.21.29.jar:/Users/sachinsahu/.m2/repository/software/amazon/awssdk/regions/2.21.29/regions-2.21.29.jar:/Users/sachinsahu/.m2/repository/software/amazon/awssdk/annotations/2.21.29/annotations-2.21.29.jar:/Users/sachinsahu/.m2/repository/software/amazon/awssdk/utils/2.21.29/utils-2.21.29.jar:/Users/sachinsahu/.m2/repository/software/amazon/awssdk/aws-core/2.21.29/aws-core-2.21.29.jar:/Users/sachinsahu/.m2/repository/software/amazon/awssdk/metrics-spi/2.21.29/metrics-spi-2.21.29.jar:/Users/sachinsahu/.m2/repository/software/amazon/awssdk/json-utils/2.21.29/json-utils-2.21.29.jar:/Users/sachinsahu/.m2/repository/software/amazon/awssdk/endpoints-spi/2.21.29/endpoints-spi-2.21.29.jar:/Users/sachinsahu/.m2/repository/software/amazon/awssdk/apache-client/2.21.29/apache-client-2.21.29.jar:/Users/sachinsahu/.m2/repository/org/apache/httpcomponents/httpclient/4.5.13/httpclient-4.5.13.jar:/Users/sachinsahu/.m2/repository/commons-logging/commons-logging/1.2/commons-logging-1.2.jar:/Users/sachinsahu/.m2/repository/org/apache/httpcomponents/httpcore/4.4.16/httpcore-4.4.16.jar:/Users/sachinsahu/.m2/repository/commons-codec/commons-codec/1.17.2/commons-codec-1.17.2.jar:/Users/sachinsahu/.m2/repository/software/amazon/awssdk/netty-nio-client/2.21.29/netty-nio-client-2.21.29.jar:/Users/sachinsahu/.m2/repository/io/netty/netty-codec-http/4.1.119.Final/netty-codec-http-4.1.119.Final.jar:/Users/sachinsahu/.m2/repository/io/netty/netty-codec-http2/4.1.119.Final/netty-codec-http2-4.1.119.Final.jar:/Users/sachinsahu/.m2/repository/io/netty/netty-codec/4.1.119.Final/netty-codec-4.1.119.Final.jar:/Users/sachinsahu/.m2/repository/io/netty/netty-transport/4.1.119.Final/netty-transport-4.1.119.Final.jar:/Users/sachinsahu/.m2/repository/io/netty/netty-common/4.1.119.Final/netty-common-4.1.119.Final.jar:/Users/sachinsahu/.m2/repository/io/netty/netty-buffer/4.1.119.Final/netty-buffer-4.1.119.Final.jar:/Users/sachinsahu/.m2/repository/io/netty/netty-handler/4.1.119.Final/netty-handler-4.1.119.Final.jar:/Users/sachinsahu/.m2/repository/io/netty/netty-transport-native-unix-common/4.1.119.Final/netty-transport-native-unix-common-4.1.119.Final.jar:/Users/sachinsahu/.m2/repository/io/netty/netty-transport-classes-epoll/4.1.119.Final/netty-transport-classes-epoll-4.1.119.Final.jar:/Users/sachinsahu/.m2/repository/io/netty/netty-resolver/4.1.119.Final/netty-resolver-4.1.119.Final.jar:/Users/sachinsahu/.m2/repository/software/amazon/awssdk/dynamodb-enhanced/2.21.29/dynamodb-enhanced-2.21.29.jar:/Users/sachinsahu/.m2/repository/org/projectlombok/lombok/1.18.38/lombok-1.18.38.jar:"/>
    <property name="java.vm.vendor" value="Oracle Corporation"/>
    <property name="sun.arch.data.model" value="64"/>
    <property name="java.vendor.url" value="https://java.oracle.com/"/>
    <property name="user.timezone" value="Asia/Kolkata"/>
    <property name="os.name" value="Mac OS X"/>
    <property name="java.vm.specification.version" value="21"/>
    <property name="user.country" value="US"/>
    <property name="sun.java.launcher" value="SUN_STANDARD"/>
    <property name="sun.boot.library.path" value="/Library/Java/JavaVirtualMachines/jdk-21.jdk/Contents/Home/lib"/>
    <property name="sun.java.command" value="/Users/sachinsahu/Downloads/aws-lambda-example/target/surefire/surefirebooter-20250912195956484_3.jar /Users/sachinsahu/Downloads/aws-lambda-example/target/surefire 2025-09-12T19-59-56_445-jvmRun1 surefire-20250912195956484_1tmp surefire_0-20250912195956484_2tmp"/>
    <property name="http.nonProxyHosts" value="local|*.local|169.254/16|*.169.254/16"/>
    <property name="jdk.debug" value="release"/>
    <property name="surefire.test.class.path" value="/Users/sachinsahu/Downloads/aws-lambda-example/target/test-classes:/Users/sachinsahu/Downloads/aws-lambda-example/target/classes:/Users/sachinsahu/.m2/repository/com/amazonaws/serverless/aws-serverless-java-container-springboot3/2.1.4/aws-serverless-java-container-springboot3-2.1.4.jar:/Users/sachinsahu/.m2/repository/org/springframework/cloud/spring-cloud-function-serverless-web/4.1.5/spring-cloud-function-serverless-web-4.1.5.jar:/Users/sachinsahu/.m2/repository/com/amazonaws/serverless/aws-serverless-java-container-core/2.1.4/aws-serverless-java-container-core-2.1.4.jar:/Users/sachinsahu/.m2/repository/org/slf4j/slf4j-api/2.0.17/slf4j-api-2.0.17.jar:/Users/sachinsahu/.m2/repository/com/amazonaws/serverless/aws-serverless-java-container-core/2.1.4/aws-serverless-java-container-core-2.1.4-tests.jar:/Users/sachinsahu/.m2/repository/com/amazonaws/aws-lambda-java-core/1.2.3/aws-lambda-java-core-1.2.3.jar:/Users/sachinsahu/.m2/repository/jakarta/servlet/jakarta.servlet-api/6.0.0/jakarta.servlet-api-6.0.0.jar:/Users/sachinsahu/.m2/repository/jakarta/ws/rs/jakarta.ws.rs-api/3.1.0/jakarta.ws.rs-api-3.1.0.jar:/Users/sachinsahu/.m2/repository/com/fasterxml/jackson/core/jackson-databind/2.18.3/jackson-databind-2.18.3.jar:/Users/sachinsahu/.m2/repository/com/fasterxml/jackson/core/jackson-annotations/2.18.3/jackson-annotations-2.18.3.jar:/Users/sachinsahu/.m2/repository/com/fasterxml/jackson/core/jackson-core/2.18.3/jackson-core-2.18.3.jar:/Users/sachinsahu/.m2/repository/com/fasterxml/jackson/module/jackson-module-afterburner/2.18.3/jackson-module-afterburner-2.18.3.jar:/Users/sachinsahu/.m2/repository/org/apache/commons/commons-fileupload2-jakarta-servlet6/2.0.0-M4/commons-fileupload2-jakarta-servlet6-2.0.0-M4.jar:/Users/sachinsahu/.m2/repository/org/apache/commons/commons-fileupload2-core/2.0.0-M4/commons-fileupload2-core-2.0.0-M4.jar:/Users/sachinsahu/.m2/repository/commons-io/commons-io/2.19.0/commons-io-2.19.0.jar:/Users/sachinsahu/.m2/repository/org/apache/httpcomponents/client5/httpclient5/5.4.3/httpclient5-5.4.3.jar:/Users/sachinsahu/.m2/repository/org/apache/httpcomponents/core5/httpcore5/5.3.4/httpcore5-5.3.4.jar:/Users/sachinsahu/.m2/repository/org/apache/httpcomponents/core5/httpcore5-h2/5.3.4/httpcore5-h2-5.3.4.jar:/Users/sachinsahu/.m2/repository/org/springframework/boot/spring-boot-starter-web/3.4.5/spring-boot-starter-web-3.4.5.jar:/Users/sachinsahu/.m2/repository/org/springframework/boot/spring-boot-starter/3.4.5/spring-boot-starter-3.4.5.jar:/Users/sachinsahu/.m2/repository/org/springframework/boot/spring-boot/3.4.5/spring-boot-3.4.5.jar:/Users/sachinsahu/.m2/repository/org/springframework/boot/spring-boot-autoconfigure/3.4.5/spring-boot-autoconfigure-3.4.5.jar:/Users/sachinsahu/.m2/repository/org/springframework/boot/spring-boot-starter-logging/3.4.5/spring-boot-starter-logging-3.4.5.jar:/Users/sachinsahu/.m2/repository/ch/qos/logback/logback-classic/1.5.18/logback-classic-1.5.18.jar:/Users/sachinsahu/.m2/repository/ch/qos/logback/logback-core/1.5.18/logback-core-1.5.18.jar:/Users/sachinsahu/.m2/repository/org/apache/logging/log4j/log4j-to-slf4j/2.24.3/log4j-to-slf4j-2.24.3.jar:/Users/sachinsahu/.m2/repository/org/apache/logging/log4j/log4j-api/2.24.3/log4j-api-2.24.3.jar:/Users/sachinsahu/.m2/repository/org/slf4j/jul-to-slf4j/2.0.17/jul-to-slf4j-2.0.17.jar:/Users/sachinsahu/.m2/repository/jakarta/annotation/jakarta.annotation-api/2.1.1/jakarta.annotation-api-2.1.1.jar:/Users/sachinsahu/.m2/repository/org/springframework/spring-core/6.2.6/spring-core-6.2.6.jar:/Users/sachinsahu/.m2/repository/org/springframework/spring-jcl/6.2.6/spring-jcl-6.2.6.jar:/Users/sachinsahu/.m2/repository/org/yaml/snakeyaml/2.3/snakeyaml-2.3.jar:/Users/sachinsahu/.m2/repository/org/springframework/boot/spring-boot-starter-json/3.4.5/spring-boot-starter-json-3.4.5.jar:/Users/sachinsahu/.m2/repository/com/fasterxml/jackson/datatype/jackson-datatype-jdk8/2.18.3/jackson-datatype-jdk8-2.18.3.jar:/Users/sachinsahu/.m2/repository/com/fasterxml/jackson/datatype/jackson-datatype-jsr310/2.18.3/jackson-datatype-jsr310-2.18.3.jar:/Users/sachinsahu/.m2/repository/com/fasterxml/jackson/module/jackson-module-parameter-names/2.18.3/jackson-module-parameter-names-2.18.3.jar:/Users/sachinsahu/.m2/repository/org/springframework/boot/spring-boot-starter-tomcat/3.4.5/spring-boot-starter-tomcat-3.4.5.jar:/Users/sachinsahu/.m2/repository/org/apache/tomcat/embed/tomcat-embed-core/10.1.40/tomcat-embed-core-10.1.40.jar:/Users/sachinsahu/.m2/repository/org/apache/tomcat/embed/tomcat-embed-el/10.1.40/tomcat-embed-el-10.1.40.jar:/Users/sachinsahu/.m2/repository/org/apache/tomcat/embed/tomcat-embed-websocket/10.1.40/tomcat-embed-websocket-10.1.40.jar:/Users/sachinsahu/.m2/repository/org/springframework/spring-web/6.2.6/spring-web-6.2.6.jar:/Users/sachinsahu/.m2/repository/org/springframework/spring-beans/6.2.6/spring-beans-6.2.6.jar:/Users/sachinsahu/.m2/repository/io/micrometer/micrometer-observation/1.14.6/micrometer-observation-1.14.6.jar:/Users/sachinsahu/.m2/repository/io/micrometer/micrometer-commons/1.14.6/micrometer-commons-1.14.6.jar:/Users/sachinsahu/.m2/repository/org/springframework/spring-webmvc/6.2.6/spring-webmvc-6.2.6.jar:/Users/sachinsahu/.m2/repository/org/springframework/spring-aop/6.2.6/spring-aop-6.2.6.jar:/Users/sachinsahu/.m2/repository/org/springframework/spring-context/6.2.6/spring-context-6.2.6.jar:/Users/sachinsahu/.m2/repository/org/springframework/spring-expression/6.2.6/spring-expression-6.2.6.jar:/Users/sachinsahu/.m2/repository/org/junit/jupiter/junit-jupiter/5.12.2/junit-jupiter-5.12.2.jar:/Users/sachinsahu/.m2/repository/org/junit/jupiter/junit-jupiter-api/5.12.2/junit-jupiter-api-5.12.2.jar:/Users/sachinsahu/.m2/repository/org/opentest4j/opentest4j/1.3.0/opentest4j-1.3.0.jar:/Users/sachinsahu/.m2/repository/org/junit/platform/junit-platform-commons/1.12.2/junit-platform-commons-1.12.2.jar:/Users/sachinsahu/.m2/repository/org/apiguardian/apiguardian-api/1.1.2/apiguardian-api-1.1.2.jar:/Users/sachinsahu/.m2/repository/org/junit/jupiter/junit-jupiter-params/5.12.2/junit-jupiter-params-5.12.2.jar:/Users/sachinsahu/.m2/repository/org/junit/jupiter/junit-jupiter-engine/5.12.2/junit-jupiter-engine-5.12.2.jar:/Users/sachinsahu/.m2/repository/org/junit/platform/junit-platform-engine/1.12.2/junit-platform-engine-1.12.2.jar:/Users/sachinsahu/.m2/repository/software/amazon/awssdk/dynamodb/2.21.29/dynamodb-2.21.29.jar:/Users/sachinsahu/.m2/repository/software/amazon/awssdk/aws-json-protocol/2.21.29/aws-json-protocol-2.21.29.jar:/Users/sachinsahu/.m2/repository/software/amazon/awssdk/third-party-jackson-core/2.21.29/third-party-jackson-core-2.21.29.jar:/Users/sachinsahu/.m2/repository/software/amazon/awssdk/protocol-core/2.21.29/protocol-core-2.21.29.jar:/Users/sachinsahu/.m2/repository/software/amazon/awssdk/profiles/2.21.29/profiles-2.21.29.jar:/Users/sachinsahu/.m2/repository/software/amazon/awssdk/http-auth-aws/2.21.29/http-auth-aws-2.21.29.jar:/Users/sachinsahu/.m2/repository/software/amazon/awssdk/checksums-spi/2.21.29/checksums-spi-2.21.29.jar:/Users/sachinsahu/.m2/repository/software/amazon/awssdk/checksums/2.21.29/checksums-2.21.29.jar:/Users/sachinsahu/.m2/repository/software/amazon/awssdk/sdk-core/2.21.29/sdk-core-2.21.29.jar:/Users/sachinsahu/.m2/repository/org/reactivestreams/reactive-streams/1.0.4/reactive-streams-1.0.4.jar:/Users/sachinsahu/.m2/repository/software/amazon/awssdk/auth/2.21.29/auth-2.21.29.jar:/Users/sachinsahu/.m2/repository/software/amazon/eventstream/eventstream/1.0.1/eventstream-1.0.1.jar:/Users/sachinsahu/.m2/repository/software/amazon/awssdk/http-auth-spi/2.21.29/http-auth-spi-2.21.29.jar:/Users/sachinsahu/.m2/repository/software/amazon/awssdk/http-auth/2.21.29/http-auth-2.21.29.jar:/Users/sachinsahu/.m2/repository/software/amazon/awssdk/identity-spi/2.21.29/identity-spi-2.21.29.jar:/Users/sachinsahu/.m2/repository/software/amazon/awssdk/http-client-spi/2.21.29/http-client-spi-2.21.29.jar:/Users/sachinsahu/.m2/repository/software/amazon/awssdk/regions/2.21.29/regions-2.21.29.jar:/Users/sachinsahu/.m2/repository/software/amazon/awssdk/annotations/2.21.29/annotations-2.21.29.jar:/Users/sachinsahu/.m2/repository/software/amazon/awssdk/utils/2.21.29/utils-2.21.29.jar:/Users/sachinsahu/.m2/repository/software/amazon/awssdk/aws-core/2.21.29/aws-core-2.21.29.jar:/Users/sachinsahu/.m2/repository/software/amazon/awssdk/metrics-spi/2.21.29/metrics-spi-2.21.29.jar:/Users/sachinsahu/.m2/repository/software/amazon/awssdk/json-utils/2.21.29/json-utils-2.21.29.jar:/Users/sachinsahu/.m2/repository/software/amazon/awssdk/endpoints-spi/2.21.29/endpoints-spi-2.21.29.jar:/Users/sachinsahu/.m2/repository/software/amazon/awssdk/apache-client/2.21.29/apache-client-2.21.29.jar:/Users/sachinsahu/.m2/repository/org/apache/httpcomponents/httpclient/4.5.13/httpclient-4.5.13.jar:/Users/sachinsahu/.m2/repository/commons-logging/commons-logging/1.2/commons-logging-1.2.jar:/Users/sachinsahu/.m2/repository/org/apache/httpcomponents/httpcore/4.4.16/httpcore-4.4.16.jar:/Users/sachinsahu/.m2/repository/commons-codec/commons-codec/1.17.2/commons-codec-1.17.2.jar:/Users/sachinsahu/.m2/repository/software/amazon/awssdk/netty-nio-client/2.21.29/netty-nio-client-2.21.29.jar:/Users/sachinsahu/.m2/repository/io/netty/netty-codec-http/4.1.119.Final/netty-codec-http-4.1.119.Final.jar:/Users/sachinsahu/.m2/repository/io/netty/netty-codec-http2/4.1.119.Final/netty-codec-http2-4.1.119.Final.jar:/Users/sachinsahu/.m2/repository/io/netty/netty-codec/4.1.119.Final/netty-codec-4.1.119.Final.jar:/Users/sachinsahu/.m2/repository/io/netty/netty-transport/4.1.119.Final/netty-transport-4.1.119.Final.jar:/Users/sachinsahu/.m2/repository/io/netty/netty-common/4.1.119.Final/netty-common-4.1.119.Final.jar:/Users/sachinsahu/.m2/repository/io/netty/netty-buffer/4.1.119.Final/netty-buffer-4.1.119.Final.jar:/Users/sachinsahu/.m2/repository/io/netty/netty-handler/4.1.119.Final/netty-handler-4.1.119.Final.jar:/Users/sachinsahu/.m2/repository/io/netty/netty-transport-native-unix-common/4.1.119.Final/netty-transport-native-unix-common-4.1.119.Final.jar:/Users/sachinsahu/.m2/repository/io/netty/netty-transport-classes-epoll/4.1.119.Final/netty-transport-classes-epoll-4.1.119.Final.jar:/Users/sachinsahu/.m2/repository/io/netty/netty-resolver/4.1.119.Final/netty-resolver-4.1.119.Final.jar:/Users/sachinsahu/.m2/repository/software/amazon/awssdk/dynamodb-enhanced/2.21.29/dynamodb-enhanced-2.21.29.jar:/Users/sachinsahu/.m2/repository/org/projectlombok/lombok/1.18.38/lombok-1.18.38.jar:"/>
    <property name="sun.cpu.endian" value="little"/>
    <property name="user.home" value="/Users/sachinsahu"/>
    <property name="user.language" value="en"/>
    <property name="java.specification.vendor" value="Oracle Corporation"/>
    <property name="java.version.date" value="2025-04-15"/>
    <property name="java.home" value="/Library/Java/JavaVirtualMachines/jdk-21.jdk/Contents/Home"/>
    <property name="file.separator" value="/"/>
    <property name="basedir" value="/Users/sachinsahu/Downloads/aws-lambda-example"/>
    <property name="style.color" value="always"/>
    <property name="java.vm.compressedOopsMode" value="Zero based"/>
    <property name="line.separator" value="&#10;"/>
    <property name="java.vm.specification.vendor" value="Oracle Corporation"/>
    <property name="java.specification.name" value="Java Platform API Specification"/>
    <property name="FILE_LOG_CHARSET" value="UTF-8"/>
    <property name="java.awt.headless" value="true"/>
    <property name="apple.awt.application.name" value="ForkedBooter"/>
    <property name="surefire.real.class.path" value="/Users/sachinsahu/Downloads/aws-lambda-example/target/surefire/surefirebooter-20250912195956484_3.jar"/>
    <property name="sun.management.compiler" value="HotSpot 64-Bit Tiered Compilers"/>
    <property name="ftp.nonProxyHosts" value="local|*.local|169.254/16|*.169.254/16"/>
    <property name="java.runtime.version" value="21.0.7+8-LTS-245"/>
    <property name="user.name" value="sachinsahu"/>
    <property name="stdout.encoding" value="UTF-8"/>
    <property name="path.separator" value=":"/>
    <property name="os.version" value="14.6"/>
    <property name="java.runtime.name" value="Java(TM) SE Runtime Environment"/>
    <property name="file.encoding" value="UTF-8"/>
    <property name="java.vm.name" value="Java HotSpot(TM) 64-Bit Server VM"/>
    <property name="maven.ext.class.path" value="/Users/sachinsahu/Applications/IntelliJ IDEA Community Edition.app/Contents/plugins/maven/lib/maven-event-listener.jar"/>
    <property name="localRepository" value="/Users/sachinsahu/.m2/repository"/>
    <property name="java.vendor.url.bug" value="https://bugreport.java.com/bugreport/"/>
    <property name="java.io.tmpdir" value="/var/folders/8y/tw5xj39151b0c5y4fbxcf7q40000gn/T/"/>
    <property name="idea.version" value="2025.2"/>
    <property name="java.version" value="21.0.7"/>
    <property name="user.dir" value="/Users/sachinsahu/Downloads/aws-lambda-example"/>
    <property name="os.arch" value="aarch64"/>
    <property name="jansi.passthrough" value="true"/>
    <property name="java.vm.specification.name" value="Java Virtual Machine Specification"/>
    <property name="PID" value="87964"/>
    <property name="CONSOLE_LOG_CHARSET" value="UTF-8"/>
    <property name="native.encoding" value="UTF-8"/>
    <property name="java.library.path" value="/Users/sachinsahu/Library/Java/Extensions:/Library/Java/Extensions:/Network/Library/Java/Extensions:/System/Library/Java/Extensions:/usr/lib/java:."/>
    <property name="java.vm.info" value="mixed mode, sharing"/>
    <property name="stderr.encoding" value="UTF-8"/>
    <property name="java.vendor" value="Oracle Corporation"/>
    <property name="java.vm.version" value="21.0.7+8-LTS-245"/>
    <property name="sun.io.unicode.encoding" value="UnicodeBig"/>
    <property name="socksNonProxyHosts" value="local|*.local|169.254/16|*.169.254/16"/>
    <property name="java.class.version" value="65.0"/>
  </properties>
  <testcase name="ping_streamRequest_respondsWithHello" classname="org.example.StreamLambdaHandlerTest" time="0.038">
    <system-out><![CDATA[19:59:56.813 [main] INFO com.amazonaws.serverless.proxy.internal.LambdaContainerHandler -- Starting Lambda Container Handler

  .   ____          _            __ _ _
 /\\ / ___'_ __ _ _(_)_ __  __ _ \ \ \ \
( ( )\___ | '_ | '_| | '_ \/ _` | \ \ \ \
 \\/  ___)| |_)| | | | | || (_| |  ) ) ) )
  '  |____| .__|_| |_|_| |_\__, | / / / /
 =========|_|==============|___/=/_/_/_/

 :: Spring Boot ::                (v3.4.5)

]]></system-out>
  </testcase>
  <testcase name="invalidResource_streamRequest_responds404" classname="org.example.StreamLambdaHandlerTest" time="0.003">
    <system-out><![CDATA[2025-09-12T19:59:57.710+05:30  WARN 87964 --- [           main] o.s.web.servlet.PageNotFound             : No mapping for GET /pong
2025-09-12T19:59:57.712+05:30  WARN 87964 --- [           main] o.s.web.servlet.PageNotFound             : No endpoint GET /pong.
]]></system-out>
  </testcase>
</testsuite>